{"timestamp":"2025-07-30 23:06:06.603","level":"INFO","component":"AITestSuite","message":"Test completed successfully","service":"bigbrother-ai-assistant-v2","version":"2.0.0","compliance":"BIG_BROTHER_V2","operation":"test-operation","duration_ms":0,"performance_category":"EXCELLENT"}
{"timestamp":"2025-07-30 23:06:06.604","level":"INFO","component":"AITestSuite","message":"Test log message","service":"bigbrother-ai-assistant-v2","version":"2.0.0","compliance":"BIG_BROTHER_V2","testMode":true}
{"timestamp":"2025-07-30 23:06:06.714","level":"INFO","component":"TestSuite","message":"test","service":"bigbrother-ai-assistant-v2","version":"2.0.0","compliance":"BIG_BROTHER_V2","operation":"test","duration_ms":0,"performance_category":"EXCELLENT"}
{"timestamp":"2025-07-30 23:06:06.715","level":"ERROR","component":"AITestSuite","message":"Test error handling","service":"bigbrother-ai-assistant-v2","version":"2.0.0","compliance":"BIG_BROTHER_V2","error":"Simulated error","severity":"high"}
{"timestamp":"2025-07-30 23:06:06.715","level":"WARN","component":"AITestSuite","message":"Test warning handling","service":"bigbrother-ai-assistant-v2","version":"2.0.0","compliance":"BIG_BROTHER_V2","warning":"Simulated warning"}
{"timestamp":"2025-07-30 23:08:20.339","level":"INFO","component":"AITestSuite","message":"Test completed successfully","service":"bigbrother-ai-assistant-v2","version":"2.0.0","compliance":"BIG_BROTHER_V2","operation":"test-operation","duration_ms":0,"performance_category":"EXCELLENT"}
{"timestamp":"2025-07-30 23:08:20.340","level":"INFO","component":"AITestSuite","message":"Test log message","service":"bigbrother-ai-assistant-v2","version":"2.0.0","compliance":"BIG_BROTHER_V2","testMode":true}
{"timestamp":"2025-07-30 23:08:20.465","level":"INFO","component":"TestSuite","message":"test","service":"bigbrother-ai-assistant-v2","version":"2.0.0","compliance":"BIG_BROTHER_V2","operation":"test","duration_ms":0,"performance_category":"EXCELLENT"}
{"timestamp":"2025-07-30 23:08:20.465","level":"ERROR","component":"AITestSuite","message":"Test error handling","service":"bigbrother-ai-assistant-v2","version":"2.0.0","compliance":"BIG_BROTHER_V2","error":"Simulated error","severity":"high"}
{"timestamp":"2025-07-30 23:08:20.466","level":"WARN","component":"AITestSuite","message":"Test warning handling","service":"bigbrother-ai-assistant-v2","version":"2.0.0","compliance":"BIG_BROTHER_V2","warning":"Simulated warning"}
{"timestamp":"2025-07-30 23:09:00.878","level":"INFO","component":"AITestSuite","message":"Test completed successfully","service":"bigbrother-ai-assistant-v2","version":"2.0.0","compliance":"BIG_BROTHER_V2","operation":"test-operation","duration_ms":0,"performance_category":"EXCELLENT"}
{"timestamp":"2025-07-30 23:09:00.879","level":"INFO","component":"AITestSuite","message":"Test log message","service":"bigbrother-ai-assistant-v2","version":"2.0.0","compliance":"BIG_BROTHER_V2","testMode":true}
{"timestamp":"2025-07-30 23:09:00.990","level":"INFO","component":"TestSuite","message":"test","service":"bigbrother-ai-assistant-v2","version":"2.0.0","compliance":"BIG_BROTHER_V2","operation":"test","duration_ms":0,"performance_category":"EXCELLENT"}
{"timestamp":"2025-07-30 23:09:00.990","level":"ERROR","component":"AITestSuite","message":"Test error handling","service":"bigbrother-ai-assistant-v2","version":"2.0.0","compliance":"BIG_BROTHER_V2","error":"Simulated error","severity":"high"}
{"timestamp":"2025-07-30 23:09:00.990","level":"WARN","component":"AITestSuite","message":"Test warning handling","service":"bigbrother-ai-assistant-v2","version":"2.0.0","compliance":"BIG_BROTHER_V2","warning":"Simulated warning"}
{"timestamp":"2025-07-30 23:31:41.131","level":"INFO","component":"AITestSuite","message":"Test completed successfully","service":"bigbrother-ai-assistant-v2","version":"2.0.0","compliance":"BIG_BROTHER_V2","operation":"test-operation","duration_ms":0,"performance_category":"EXCELLENT"}
{"timestamp":"2025-07-30 23:31:41.132","level":"INFO","component":"AITestSuite","message":"Test log message","service":"bigbrother-ai-assistant-v2","version":"2.0.0","compliance":"BIG_BROTHER_V2","testMode":true}
{"timestamp":"2025-07-30 23:31:41.241","level":"INFO","component":"TestSuite","message":"test","service":"bigbrother-ai-assistant-v2","version":"2.0.0","compliance":"BIG_BROTHER_V2","operation":"test","duration_ms":0,"performance_category":"EXCELLENT"}
{"timestamp":"2025-07-30 23:31:41.241","level":"ERROR","component":"AITestSuite","message":"Test error handling","service":"bigbrother-ai-assistant-v2","version":"2.0.0","compliance":"BIG_BROTHER_V2","error":"Simulated error","severity":"high"}
{"timestamp":"2025-07-30 23:31:41.241","level":"WARN","component":"AITestSuite","message":"Test warning handling","service":"bigbrother-ai-assistant-v2","version":"2.0.0","compliance":"BIG_BROTHER_V2","warning":"Simulated warning"}
{"timestamp":"2025-07-30 23:49:35.169","level":"INFO","component":"AITestSuite","message":"Test completed successfully","service":"bigbrother-ai-assistant-v2","version":"2.0.0","compliance":"BIG_BROTHER_V2","operation":"test-operation","duration_ms":0,"performance_category":"EXCELLENT"}
{"timestamp":"2025-07-30 23:49:35.170","level":"INFO","component":"AITestSuite","message":"Test log message","service":"bigbrother-ai-assistant-v2","version":"2.0.0","compliance":"BIG_BROTHER_V2","testMode":true}
{"timestamp":"2025-07-30 23:49:35.281","level":"INFO","component":"TestSuite","message":"test","service":"bigbrother-ai-assistant-v2","version":"2.0.0","compliance":"BIG_BROTHER_V2","operation":"test","duration_ms":0,"performance_category":"EXCELLENT"}
{"timestamp":"2025-07-30 23:49:35.281","level":"ERROR","component":"AITestSuite","message":"Test error handling","service":"bigbrother-ai-assistant-v2","version":"2.0.0","compliance":"BIG_BROTHER_V2","error":"Simulated error","severity":"high"}
{"timestamp":"2025-07-30 23:49:35.281","level":"WARN","component":"AITestSuite","message":"Test warning handling","service":"bigbrother-ai-assistant-v2","version":"2.0.0","compliance":"BIG_BROTHER_V2","warning":"Simulated warning"}
{"timestamp":"2025-07-30 23:51:35.003","level":"INFO","component":"AITestSuite","message":"Test completed successfully","service":"bigbrother-ai-assistant-v2","version":"2.0.0","compliance":"BIG_BROTHER_V2","operation":"test-operation","duration_ms":0,"performance_category":"EXCELLENT"}
{"timestamp":"2025-07-30 23:51:35.004","level":"INFO","component":"AITestSuite","message":"Test log message","service":"bigbrother-ai-assistant-v2","version":"2.0.0","compliance":"BIG_BROTHER_V2","testMode":true}
{"timestamp":"2025-07-30 23:51:35.109","level":"INFO","component":"TestSuite","message":"test","service":"bigbrother-ai-assistant-v2","version":"2.0.0","compliance":"BIG_BROTHER_V2","operation":"test","duration_ms":0,"performance_category":"EXCELLENT"}
{"timestamp":"2025-07-30 23:51:35.110","level":"ERROR","component":"AITestSuite","message":"Test error handling","service":"bigbrother-ai-assistant-v2","version":"2.0.0","compliance":"BIG_BROTHER_V2","error":"Simulated error","severity":"high"}
{"timestamp":"2025-07-30 23:51:35.110","level":"WARN","component":"AITestSuite","message":"Test warning handling","service":"bigbrother-ai-assistant-v2","version":"2.0.0","compliance":"BIG_BROTHER_V2","warning":"Simulated warning"}
{"timestamp":"2025-07-30 23:53:04.278","level":"INFO","component":"AITestSuite","message":"Test completed successfully","service":"bigbrother-ai-assistant-v2","version":"2.0.0","compliance":"BIG_BROTHER_V2","operation":"test-operation","duration_ms":0,"performance_category":"EXCELLENT"}
{"timestamp":"2025-07-30 23:53:04.280","level":"INFO","component":"AITestSuite","message":"Test log message","service":"bigbrother-ai-assistant-v2","version":"2.0.0","compliance":"BIG_BROTHER_V2","testMode":true}
{"timestamp":"2025-07-30 23:53:04.400","level":"INFO","component":"TestSuite","message":"test","service":"bigbrother-ai-assistant-v2","version":"2.0.0","compliance":"BIG_BROTHER_V2","operation":"test","duration_ms":0,"performance_category":"EXCELLENT"}
{"timestamp":"2025-07-30 23:53:04.400","level":"ERROR","component":"AITestSuite","message":"Test error handling","service":"bigbrother-ai-assistant-v2","version":"2.0.0","compliance":"BIG_BROTHER_V2","error":"Simulated error","severity":"high"}
{"timestamp":"2025-07-30 23:53:04.400","level":"WARN","component":"AITestSuite","message":"Test warning handling","service":"bigbrother-ai-assistant-v2","version":"2.0.0","compliance":"BIG_BROTHER_V2","warning":"Simulated warning"}
